<?xml version="1.0" encoding="UTF-8"?>
<unitTest version="1">
    <file path="/Users/rdalvarez/Desktop/code/javascript/javascript-func/package/test/dateFormat.test.js">
        <testCase name="Date Format  Date Format validation." duration="4"/>
    </file>
</unitTest>